<?xml version="1.0" encoding="UTF-8"?>
<!-- Generated by org.testng.reporters.JUnitXMLReporter -->
<testsuite ignored="0" hostname="LAPTOP-67LBH4B7" failures="3" tests="3" name="Default test" time="17.079" errors="0" timestamp="03 Apr 2022 20:42:16 GMT">
  <testcase classname="io.cucumber.testng.AbstractTestNGCucumberTests" name="runScenario" time="5.775">
    <failure type="java.lang.AssertionError" message="expected [Authentication Requierd] but found [Amazon Sign-In]">
      <![CDATA[java.lang.AssertionError: expected [Authentication Requierd] but found [Amazon Sign-In]
	at org.testng.Assert.fail(Assert.java:94)
	at org.testng.Assert.failNotEquals(Assert.java:513)
	at org.testng.Assert.assertEqualsImpl(Assert.java:135)
	at org.testng.Assert.assertEquals(Assert.java:116)
	at org.testng.Assert.assertEquals(Assert.java:190)
	at org.testng.Assert.assertEquals(Assert.java:200)
	at com.stepdefintion.AmazonSearch.user_varifies_the_error_message(AmazonSearch.java:75)
	at ✽.user varifies the error message(file:///C:/Users/Pradip%20Sarkar/eclipse-workspace/CreateAmazonAccount/Features/AmazonSearch.feature:15)
]]>
    </failure>
  </testcase> <!-- runScenario -->
  <testcase classname="io.cucumber.testng.AbstractTestNGCucumberTests" name="runScenario" time="5.087">
    <failure type="java.lang.AssertionError" message="expected [Authentication Requierd] but found [Authentication required]">
      <![CDATA[java.lang.AssertionError: expected [Authentication Requierd] but found [Authentication required]
	at org.testng.Assert.fail(Assert.java:94)
	at org.testng.Assert.failNotEquals(Assert.java:513)
	at org.testng.Assert.assertEqualsImpl(Assert.java:135)
	at org.testng.Assert.assertEquals(Assert.java:116)
	at org.testng.Assert.assertEquals(Assert.java:190)
	at org.testng.Assert.assertEquals(Assert.java:200)
	at com.stepdefintion.AmazonSearch.user_varifies_the_error_message(AmazonSearch.java:75)
	at ✽.user varifies the error message(file:///C:/Users/Pradip%20Sarkar/eclipse-workspace/CreateAmazonAccount/Features/AmazonSearch.feature:15)
]]>
    </failure>
  </testcase> <!-- runScenario -->
  <testcase classname="io.cucumber.testng.AbstractTestNGCucumberTests" name="runScenario" time="5.869">
    <failure type="java.lang.AssertionError" message="expected [Authentication Requierd] but found [Authentication required]">
      <![CDATA[java.lang.AssertionError: expected [Authentication Requierd] but found [Authentication required]
	at org.testng.Assert.fail(Assert.java:94)
	at org.testng.Assert.failNotEquals(Assert.java:513)
	at org.testng.Assert.assertEqualsImpl(Assert.java:135)
	at org.testng.Assert.assertEquals(Assert.java:116)
	at org.testng.Assert.assertEquals(Assert.java:190)
	at org.testng.Assert.assertEquals(Assert.java:200)
	at com.stepdefintion.AmazonSearch.user_varifies_the_error_message(AmazonSearch.java:75)
	at ✽.user varifies the error message(file:///C:/Users/Pradip%20Sarkar/eclipse-workspace/CreateAmazonAccount/Features/AmazonSearch.feature:15)
]]>
    </failure>
  </testcase> <!-- runScenario -->
</testsuite> <!-- Default test -->
