<html>
<head>
<title>TestNG:  Default test</title>
<link href="../testng.css" rel="stylesheet" type="text/css" />
<link href="../my-testng.css" rel="stylesheet" type="text/css" />

<style type="text/css">
.log { display: none;} 
.stack-trace { display: none;} 
</style>
<script type="text/javascript">
<!--
function flip(e) {
  current = e.style.display;
  if (current == 'block') {
    e.style.display = 'none';
    return 0;
  }
  else {
    e.style.display = 'block';
    return 1;
  }
}

function toggleBox(szDivId, elem, msg1, msg2)
{
  var res = -1;  if (document.getElementById) {
    res = flip(document.getElementById(szDivId));
  }
  else if (document.all) {
    // this is the way old msie versions work
    res = flip(document.all[szDivId]);
  }
  if(elem) {
    if(res == 0) elem.innerHTML = msg1; else elem.innerHTML = msg2;
  }

}

function toggleAllBoxes() {
  if (document.getElementsByTagName) {
    d = document.getElementsByTagName('div');
    for (i = 0; i < d.length; i++) {
      if (d[i].className == 'log') {
        flip(d[i]);
      }
    }
  }
}

// -->
</script>

</head>
<body>
<h2 align='center'>Default test</h2><table border='1' align="center">
<tr>
<td>Tests passed/Failed/Skipped:</td><td>0/3/0</td>
</tr><tr>
<td>Started on:</td><td>Sun Apr 03 16:41:59 EDT 2022</td>
</tr>
<tr><td>Total time:</td><td>17 seconds (17079 ms)</td>
</tr><tr>
<td>Included groups:</td><td></td>
</tr><tr>
<td>Excluded groups:</td><td></td>
</tr>
</table><p/>
<small><i>(Hover the method name to see the test class name)</i></small><p/>
<table width='100%' border='1' class='invocation-failed'>
<tr><td colspan='4' align='center'><b>FAILED TESTS</b></td></tr>
<tr><td><b>Test method</b></td>
<td width="30%"><b>Exception</b></td>
<td width="10%"><b>Time (seconds)</b></td>
<td><b>Instance</b></td>
</tr>
<tr>
<td title='com.testrunner.testrunner.runScenario()'><b>runScenario</b><br>Test class: com.testrunner.testrunner<br>Test method: Runs Cucumber Scenarios<br>Parameters: "verify the error message by creating a invalid account", "Optional[Create an account]"</td>
<td><div><pre>java.lang.AssertionError: expected [Authentication Requierd] but found [Amazon Sign-In]
	at org.testng.Assert.fail(Assert.java:94)
	at org.testng.Assert.failNotEquals(Assert.java:513)
	at org.testng.Assert.assertEqualsImpl(Assert.java:135)
	at org.testng.Assert.assertEquals(Assert.java:116)
	at org.testng.Assert.assertEquals(Assert.java:190)
	at org.testng.Assert.assertEquals(Assert.java:200)
	at com.stepdefintion.AmazonSearch.user_varifies_the_error_message(AmazonSearch.java:75)
	at ?.user varifies the error message(file:///C:/Users/Pradip%20Sarkar/eclipse-workspace/CreateAmazonAccount/Features/AmazonSearch.feature:15)
</pre></div><a href='#' onClick='toggleBox("stack-trace1361931872", this, "Click to show all stack frames", "Click to hide stack frames")'>Click to show all stack frames</a>
<div class='stack-trace' id='stack-trace1361931872'><pre>java.lang.AssertionError: expected [Authentication Requierd] but found [Amazon Sign-In]
	at org.testng.Assert.fail(Assert.java:94)
	at org.testng.Assert.failNotEquals(Assert.java:513)
	at org.testng.Assert.assertEqualsImpl(Assert.java:135)
	at org.testng.Assert.assertEquals(Assert.java:116)
	at org.testng.Assert.assertEquals(Assert.java:190)
	at org.testng.Assert.assertEquals(Assert.java:200)
	at com.stepdefintion.AmazonSearch.user_varifies_the_error_message(AmazonSearch.java:75)
	at ?.user varifies the error message(file:///C:/Users/Pradip%20Sarkar/eclipse-workspace/CreateAmazonAccount/Features/AmazonSearch.feature:15)
</pre></div></td>
<td>5</td>
<td>com.testrunner.testrunner@563e4951</td></tr>
<tr>
<td title='com.testrunner.testrunner.runScenario()'><b>runScenario</b><br>Test class: com.testrunner.testrunner<br>Test method: Runs Cucumber Scenarios<br>Parameters: "verify the error message by creating a invalid account", "Optional[Create an account]"</td>
<td><div><pre>java.lang.AssertionError: expected [Authentication Requierd] but found [Authentication required]
	at org.testng.Assert.fail(Assert.java:94)
	at org.testng.Assert.failNotEquals(Assert.java:513)
	at org.testng.Assert.assertEqualsImpl(Assert.java:135)
	at org.testng.Assert.assertEquals(Assert.java:116)
	at org.testng.Assert.assertEquals(Assert.java:190)
	at org.testng.Assert.assertEquals(Assert.java:200)
	at com.stepdefintion.AmazonSearch.user_varifies_the_error_message(AmazonSearch.java:75)
	at ?.user varifies the error message(file:///C:/Users/Pradip%20Sarkar/eclipse-workspace/CreateAmazonAccount/Features/AmazonSearch.feature:15)
</pre></div><a href='#' onClick='toggleBox("stack-trace1111249924", this, "Click to show all stack frames", "Click to hide stack frames")'>Click to show all stack frames</a>
<div class='stack-trace' id='stack-trace1111249924'><pre>java.lang.AssertionError: expected [Authentication Requierd] but found [Authentication required]
	at org.testng.Assert.fail(Assert.java:94)
	at org.testng.Assert.failNotEquals(Assert.java:513)
	at org.testng.Assert.assertEqualsImpl(Assert.java:135)
	at org.testng.Assert.assertEquals(Assert.java:116)
	at org.testng.Assert.assertEquals(Assert.java:190)
	at org.testng.Assert.assertEquals(Assert.java:200)
	at com.stepdefintion.AmazonSearch.user_varifies_the_error_message(AmazonSearch.java:75)
	at ?.user varifies the error message(file:///C:/Users/Pradip%20Sarkar/eclipse-workspace/CreateAmazonAccount/Features/AmazonSearch.feature:15)
</pre></div></td>
<td>5</td>
<td>com.testrunner.testrunner@563e4951</td></tr>
<tr>
<td title='com.testrunner.testrunner.runScenario()'><b>runScenario</b><br>Test class: com.testrunner.testrunner<br>Test method: Runs Cucumber Scenarios<br>Parameters: "verify the error message by creating a invalid account", "Optional[Create an account]"</td>
<td><div><pre>java.lang.AssertionError: expected [Authentication Requierd] but found [Authentication required]
	at org.testng.Assert.fail(Assert.java:94)
	at org.testng.Assert.failNotEquals(Assert.java:513)
	at org.testng.Assert.assertEqualsImpl(Assert.java:135)
	at org.testng.Assert.assertEquals(Assert.java:116)
	at org.testng.Assert.assertEquals(Assert.java:190)
	at org.testng.Assert.assertEquals(Assert.java:200)
	at com.stepdefintion.AmazonSearch.user_varifies_the_error_message(AmazonSearch.java:75)
	at ?.user varifies the error message(file:///C:/Users/Pradip%20Sarkar/eclipse-workspace/CreateAmazonAccount/Features/AmazonSearch.feature:15)
</pre></div><a href='#' onClick='toggleBox("stack-trace1032908467", this, "Click to show all stack frames", "Click to hide stack frames")'>Click to show all stack frames</a>
<div class='stack-trace' id='stack-trace1032908467'><pre>java.lang.AssertionError: expected [Authentication Requierd] but found [Authentication required]
	at org.testng.Assert.fail(Assert.java:94)
	at org.testng.Assert.failNotEquals(Assert.java:513)
	at org.testng.Assert.assertEqualsImpl(Assert.java:135)
	at org.testng.Assert.assertEquals(Assert.java:116)
	at org.testng.Assert.assertEquals(Assert.java:190)
	at org.testng.Assert.assertEquals(Assert.java:200)
	at com.stepdefintion.AmazonSearch.user_varifies_the_error_message(AmazonSearch.java:75)
	at ?.user varifies the error message(file:///C:/Users/Pradip%20Sarkar/eclipse-workspace/CreateAmazonAccount/Features/AmazonSearch.feature:15)
</pre></div></td>
<td>5</td>
<td>com.testrunner.testrunner@563e4951</td></tr>
</table><p>
</body>
</html>