<?xml version="1.0" encoding="UTF-8"?>
<testng-results ignored="0" total="3" passed="0" failed="3" skipped="0">
  <reporter-output>
  </reporter-output>
  <suite started-at="2022-04-03T20:41:59Z" name="Default suite" finished-at="2022-04-03T20:42:16Z" duration-ms="17079">
    <groups>
      <group name="cucumber">
        <method signature="AbstractTestNGCucumberTests.runScenario(io.cucumber.testng.PickleWrapper, io.cucumber.testng.FeatureWrapper)[pri:0, instance:com.testrunner.testrunner@563e4951]" name="runScenario" class="io.cucumber.testng.AbstractTestNGCucumberTests"/>
      </group> <!-- cucumber -->
    </groups>
    <test started-at="2022-04-03T20:41:59Z" name="Default test" finished-at="2022-04-03T20:42:16Z" duration-ms="17079">
      <class name="com.testrunner.testrunner">
        <test-method is-config="true" signature="setUpClass()[pri:0, instance:com.testrunner.testrunner@563e4951]" started-at="2022-04-03T16:41:59Z" name="setUpClass" finished-at="2022-04-03T16:41:59Z" duration-ms="292" status="PASS">
          <reporter-output>
          </reporter-output>
        </test-method> <!-- setUpClass -->
        <test-method signature="runScenario(io.cucumber.testng.PickleWrapper, io.cucumber.testng.FeatureWrapper)[pri:0, instance:com.testrunner.testrunner@563e4951]" started-at="2022-04-03T16:41:59Z" name="runScenario" description="Runs Cucumber Scenarios" data-provider="scenarios" finished-at="2022-04-03T16:42:05Z" duration-ms="5775" status="FAIL">
          <params>
            <param index="0">
              <value>
                <![CDATA["verify the error message by creating a invalid account"]]>
              </value>
            </param>
            <param index="1">
              <value>
                <![CDATA["Optional[Create an account]"]]>
              </value>
            </param>
          </params>
          <exception class="java.lang.AssertionError">
            <message>
              <![CDATA[expected [Authentication Requierd] but found [Amazon Sign-In]]]>
            </message>
            <full-stacktrace>
              <![CDATA[java.lang.AssertionError: expected [Authentication Requierd] but found [Amazon Sign-In]
	at org.testng.Assert.fail(Assert.java:94)
	at org.testng.Assert.failNotEquals(Assert.java:513)
	at org.testng.Assert.assertEqualsImpl(Assert.java:135)
	at org.testng.Assert.assertEquals(Assert.java:116)
	at org.testng.Assert.assertEquals(Assert.java:190)
	at org.testng.Assert.assertEquals(Assert.java:200)
	at com.stepdefintion.AmazonSearch.user_varifies_the_error_message(AmazonSearch.java:75)
	at ✽.user varifies the error message(file:///C:/Users/Pradip%20Sarkar/eclipse-workspace/CreateAmazonAccount/Features/AmazonSearch.feature:15)
]]>
            </full-stacktrace>
          </exception> <!-- java.lang.AssertionError -->
          <reporter-output>
          </reporter-output>
        </test-method> <!-- runScenario -->
        <test-method signature="runScenario(io.cucumber.testng.PickleWrapper, io.cucumber.testng.FeatureWrapper)[pri:0, instance:com.testrunner.testrunner@563e4951]" started-at="2022-04-03T16:42:05Z" name="runScenario" description="Runs Cucumber Scenarios" data-provider="scenarios" finished-at="2022-04-03T16:42:10Z" duration-ms="5087" status="FAIL">
          <params>
            <param index="0">
              <value>
                <![CDATA["verify the error message by creating a invalid account"]]>
              </value>
            </param>
            <param index="1">
              <value>
                <![CDATA["Optional[Create an account]"]]>
              </value>
            </param>
          </params>
          <exception class="java.lang.AssertionError">
            <message>
              <![CDATA[expected [Authentication Requierd] but found [Authentication required]]]>
            </message>
            <full-stacktrace>
              <![CDATA[java.lang.AssertionError: expected [Authentication Requierd] but found [Authentication required]
	at org.testng.Assert.fail(Assert.java:94)
	at org.testng.Assert.failNotEquals(Assert.java:513)
	at org.testng.Assert.assertEqualsImpl(Assert.java:135)
	at org.testng.Assert.assertEquals(Assert.java:116)
	at org.testng.Assert.assertEquals(Assert.java:190)
	at org.testng.Assert.assertEquals(Assert.java:200)
	at com.stepdefintion.AmazonSearch.user_varifies_the_error_message(AmazonSearch.java:75)
	at ✽.user varifies the error message(file:///C:/Users/Pradip%20Sarkar/eclipse-workspace/CreateAmazonAccount/Features/AmazonSearch.feature:15)
]]>
            </full-stacktrace>
          </exception> <!-- java.lang.AssertionError -->
          <reporter-output>
          </reporter-output>
        </test-method> <!-- runScenario -->
        <test-method signature="runScenario(io.cucumber.testng.PickleWrapper, io.cucumber.testng.FeatureWrapper)[pri:0, instance:com.testrunner.testrunner@563e4951]" started-at="2022-04-03T16:42:10Z" name="runScenario" description="Runs Cucumber Scenarios" data-provider="scenarios" finished-at="2022-04-03T16:42:16Z" duration-ms="5869" status="FAIL">
          <params>
            <param index="0">
              <value>
                <![CDATA["verify the error message by creating a invalid account"]]>
              </value>
            </param>
            <param index="1">
              <value>
                <![CDATA["Optional[Create an account]"]]>
              </value>
            </param>
          </params>
          <exception class="java.lang.AssertionError">
            <message>
              <![CDATA[expected [Authentication Requierd] but found [Authentication required]]]>
            </message>
            <full-stacktrace>
              <![CDATA[java.lang.AssertionError: expected [Authentication Requierd] but found [Authentication required]
	at org.testng.Assert.fail(Assert.java:94)
	at org.testng.Assert.failNotEquals(Assert.java:513)
	at org.testng.Assert.assertEqualsImpl(Assert.java:135)
	at org.testng.Assert.assertEquals(Assert.java:116)
	at org.testng.Assert.assertEquals(Assert.java:190)
	at org.testng.Assert.assertEquals(Assert.java:200)
	at com.stepdefintion.AmazonSearch.user_varifies_the_error_message(AmazonSearch.java:75)
	at ✽.user varifies the error message(file:///C:/Users/Pradip%20Sarkar/eclipse-workspace/CreateAmazonAccount/Features/AmazonSearch.feature:15)
]]>
            </full-stacktrace>
          </exception> <!-- java.lang.AssertionError -->
          <reporter-output>
          </reporter-output>
        </test-method> <!-- runScenario -->
        <test-method is-config="true" signature="tearDownClass()[pri:0, instance:com.testrunner.testrunner@563e4951]" started-at="2022-04-03T16:42:16Z" name="tearDownClass" finished-at="2022-04-03T16:42:16Z" duration-ms="25" status="PASS">
          <reporter-output>
          </reporter-output>
        </test-method> <!-- tearDownClass -->
      </class> <!-- com.testrunner.testrunner -->
    </test> <!-- Default test -->
  </suite> <!-- Default suite -->
</testng-results>
